\BOOKMARK [1][-]{section*.2}{\376\377\000A\000\040\000n\000o\000t\000e\000\040\000o\000n\000\040\000t\000h\000e\000\040\000s\000o\000l\000u\000t\000i\000o\000n\000s}{}% 1
\BOOKMARK [1][-]{section.1}{\376\377\000M\000a\000y\000\040\0002\0000\0002\0003}{}% 2
\BOOKMARK [2][-]{section*.3}{\376\377\000C\000l\000a\000s\000s\000i\000c\000a\000l\000\040\000M\000e\000c\000h\000a\000n\000i\000c\000s}{section.1}% 3
\BOOKMARK [2][-]{section*.4}{\376\377\000E\000l\000e\000c\000t\000r\000i\000c\000i\000t\000y\000\040\000\046\000\040\000M\000a\000g\000n\000e\000t\000i\000s\000m}{section.1}% 4
\BOOKMARK [2][-]{section*.5}{\376\377\000Q\000u\000a\000n\000t\000u\000m\000\040\000M\000e\000c\000h\000a\000n\000i\000c\000s}{section.1}% 5
\BOOKMARK [1][-]{section.2}{\376\377\000J\000a\000n\000u\000a\000r\000y\000\040\0002\0000\0002\0003}{}% 6
\BOOKMARK [2][-]{section*.6}{\376\377\000C\000l\000a\000s\000s\000i\000c\000a\000l\000\040\000M\000e\000c\000h\000a\000n\000i\000c\000s}{section.2}% 7
\BOOKMARK [2][-]{section*.7}{\376\377\000E\000l\000e\000c\000t\000r\000i\000c\000i\000t\000y\000\040\000\046\000\040\000M\000a\000g\000n\000e\000t\000i\000s\000m}{section.2}% 8
\BOOKMARK [2][-]{section*.8}{\376\377\000Q\000u\000a\000n\000t\000u\000m\000\040\000M\000e\000c\000h\000a\000n\000i\000c\000s}{section.2}% 9
\BOOKMARK [1][-]{section.3}{\376\377\000M\000a\000y\000\040\0002\0000\0002\0002}{}% 10
\BOOKMARK [2][-]{section*.9}{\376\377\000C\000l\000a\000s\000s\000i\000c\000a\000l\000\040\000M\000e\000c\000h\000a\000n\000i\000c\000s}{section.3}% 11
\BOOKMARK [2][-]{section*.10}{\376\377\000E\000l\000e\000c\000t\000r\000i\000c\000i\000t\000y\000\040\000\046\000\040\000M\000a\000g\000n\000e\000t\000i\000s\000m}{section.3}% 12
\BOOKMARK [2][-]{section*.11}{\376\377\000Q\000u\000a\000n\000t\000u\000m\000\040\000M\000e\000c\000h\000a\000n\000i\000c\000s}{section.3}% 13
\BOOKMARK [1][-]{section.4}{\376\377\000J\000a\000n\000u\000a\000r\000y\000\040\0002\0000\0002\0002}{}% 14
\BOOKMARK [2][-]{section*.12}{\376\377\000C\000l\000a\000s\000s\000i\000c\000a\000l\000\040\000M\000e\000c\000h\000a\000n\000i\000c\000s}{section.4}% 15
\BOOKMARK [2][-]{section*.13}{\376\377\000E\000l\000e\000c\000t\000r\000i\000c\000i\000t\000y\000\040\000\046\000\040\000M\000a\000g\000n\000e\000t\000i\000s\000m}{section.4}% 16
\BOOKMARK [2][-]{section*.14}{\376\377\000Q\000u\000a\000n\000t\000u\000m\000\040\000M\000e\000c\000h\000a\000n\000i\000c\000s}{section.4}% 17
\BOOKMARK [1][-]{section.5}{\376\377\000A\000u\000g\000u\000s\000t\000\040\0002\0000\0002\0001}{}% 18
\BOOKMARK [2][-]{section*.15}{\376\377\000C\000l\000a\000s\000s\000i\000c\000a\000l\000\040\000M\000e\000c\000h\000a\000n\000i\000c\000s}{section.5}% 19
\BOOKMARK [2][-]{section*.16}{\376\377\000E\000l\000e\000c\000t\000r\000i\000c\000i\000t\000y\000\040\000\046\000\040\000M\000a\000g\000n\000e\000t\000i\000s\000m}{section.5}% 20
\BOOKMARK [2][-]{section*.17}{\376\377\000Q\000u\000a\000n\000t\000u\000m\000\040\000M\000e\000c\000h\000a\000n\000i\000c\000s}{section.5}% 21
\BOOKMARK [1][-]{section.6}{\376\377\000J\000a\000n\000u\000a\000r\000y\000\040\0002\0000\0002\0001}{}% 22
\BOOKMARK [2][-]{section*.18}{\376\377\000C\000l\000a\000s\000s\000i\000c\000a\000l\000\040\000M\000e\000c\000h\000a\000n\000i\000c\000s}{section.6}% 23
\BOOKMARK [2][-]{section*.19}{\376\377\000E\000l\000e\000c\000t\000r\000i\000c\000i\000t\000y\000\040\000\046\000\040\000M\000a\000g\000n\000e\000t\000i\000s\000m}{section.6}% 24
\BOOKMARK [2][-]{section*.20}{\376\377\000Q\000u\000a\000n\000t\000u\000m\000\040\000M\000e\000c\000h\000a\000n\000i\000c\000s}{section.6}% 25
